<?xml version="1.0" encoding="UTF-8"?>
<testng-results ignored="0" total="2" passed="2" failed="0" skipped="0">
  <reporter-output>
  </reporter-output>
  <suite started-at="2022-02-13T23:44:54 IST" name="Default suite" finished-at="2022-02-13T23:46:27 IST" duration-ms="93518">
    <groups>
    </groups>
    <test started-at="2022-02-13T23:44:54 IST" name="Default test" finished-at="2022-02-13T23:46:27 IST" duration-ms="93518">
      <class name="Baseclass.BaseTest">
        <test-method is-config="true" signature="setup()[pri:0, instance:Baseclass.BaseTest@25084a1e]" started-at="2022-02-13T23:44:54 IST" name="setup" finished-at="2022-02-13T23:45:00 IST" duration-ms="6251" status="PASS">
          <reporter-output>
          </reporter-output>
        </test-method> <!-- setup -->
        <test-method signature="test_signup()[pri:0, instance:Baseclass.BaseTest@25084a1e]" started-at="2022-02-13T23:45:00 IST" name="test_signup" finished-at="2022-02-13T23:45:55 IST" duration-ms="55463" status="PASS">
          <reporter-output>
          </reporter-output>
        </test-method> <!-- test_signup -->
        <test-method signature="test_shopping()[pri:1, instance:Baseclass.BaseTest@25084a1e]" started-at="2022-02-13T23:45:55 IST" name="test_shopping" finished-at="2022-02-13T23:46:26 IST" duration-ms="30485" status="PASS">
          <reporter-output>
          </reporter-output>
        </test-method> <!-- test_shopping -->
        <test-method is-config="true" signature="test_complet()[pri:0, instance:Baseclass.BaseTest@25084a1e]" started-at="2022-02-13T23:46:26 IST" name="test_complet" finished-at="2022-02-13T23:46:27 IST" duration-ms="1225" status="PASS">
          <reporter-output>
          </reporter-output>
        </test-method> <!-- test_complet -->
      </class> <!-- Baseclass.BaseTest -->
    </test> <!-- Default test -->
  </suite> <!-- Default suite -->
</testng-results>
